<?xml version="1.0" encoding="UTF-8"?>
<robot generator="Robot 5.0.1 (Python 3.9.7 on win32)" generated="20220702 20:46:26.644" rpa="false" schemaversion="3">
<suite id="s1" name="Sample" source="D:\Projects\GIT_Projects\pythonBasicforTesters\robot files\sample.robot">
<test id="s1-t1" name="Valid Login" line="29">
<kw name="Open Browser To Homepage Page">
<kw name="Open Browser" library="SeleniumLibrary">
<arg>${LOGIN URL}</arg>
<arg>${BROWSER}</arg>
<doc>Opens a new browser instance to the optional ``url``.</doc>
<msg timestamp="20220702 20:46:27.113" level="INFO">Opening browser 'Chrome' to base url 'http://localhost:7272'.</msg>
<msg timestamp="20220702 20:46:39.325" level="INFO" html="true">&lt;/td&gt;&lt;/tr&gt;&lt;tr&gt;&lt;td colspan="3"&gt;&lt;a href="selenium-screenshot-1.png"&gt;&lt;img src="selenium-screenshot-1.png" width="800px"&gt;&lt;/a&gt;</msg>
<msg timestamp="20220702 20:46:39.327" level="FAIL">WebDriverException: Message: unknown error: net::ERR_CONNECTION_REFUSED
  (Session info: chrome=103.0.5060.66)
Stacktrace:
Backtrace:
	Ordinal0 [0x00C66463+2188387]
	Ordinal0 [0x00BFE461+1762401]
	Ordinal0 [0x00B13D78+802168]
	Ordinal0 [0x00B104E8+787688]
	Ordinal0 [0x00B0654D+746829]
	Ordinal0 [0x00B0710A+749834]
	Ordinal0 [0x00B0675A+747354]
	Ordinal0 [0x00B05D3F+744767]
	Ordinal0 [0x00B04C28+740392]
	Ordinal0 [0x00B050FD+741629]
	Ordinal0 [0x00B15544+808260]
	Ordinal0 [0x00B6D2DD+1168093]
	Ordinal0 [0x00B5C7DC+1099740]
	Ordinal0 [0x00B6CC22+1166370]
	Ordinal0 [0x00B5C5F6+1099254]
	Ordinal0 [0x00B36BE0+945120]
	Ordinal0 [0x00B37AD6+948950]
	GetHandleVerifier [0x00F071F2+2712546]
	GetHandleVerifier [0x00EF886D+2652765]
	GetHandleVerifier [0x00CF002A+520730]
	GetHandleVerifier [0x00CEEE06+516086]
	Ordinal0 [0x00C0468B+1787531]
	Ordinal0 [0x00C08E88+1805960]
	Ordinal0 [0x00C08F75+1806197]
	Ordinal0 [0x00C11DF1+1842673]
	BaseThreadInitThunk [0x762CFA29+25]
	RtlGetAppContainerNamedObjectPath [0x77827A9E+286]
	RtlGetAppContainerNamedObjectPath [0x77827A6E+238]
</msg>
<status status="FAIL" starttime="20220702 20:46:27.113" endtime="20220702 20:46:39.332"/>
</kw>
<kw name="Title Should Be" library="SeleniumLibrary">
<arg>Login Page</arg>
<doc>Verifies that the current page title equals ``title``.</doc>
<status status="NOT RUN" starttime="20220702 20:46:39.333" endtime="20220702 20:46:39.333"/>
</kw>
<status status="FAIL" starttime="20220702 20:46:27.113" endtime="20220702 20:46:39.335"/>
</kw>
<kw name="Input Username">
<arg>demo</arg>
<status status="NOT RUN" starttime="20220702 20:46:39.336" endtime="20220702 20:46:39.336"/>
</kw>
<kw name="Input Password">
<arg>mode</arg>
<status status="NOT RUN" starttime="20220702 20:46:39.338" endtime="20220702 20:46:39.339"/>
</kw>
<kw name="Submit Credentials">
<status status="NOT RUN" starttime="20220702 20:46:39.340" endtime="20220702 20:46:39.340"/>
</kw>
<kw name="Welcome Page Should Be Open">
<status status="NOT RUN" starttime="20220702 20:46:39.341" endtime="20220702 20:46:39.341"/>
</kw>
<kw name="Close Browser" library="SeleniumLibrary" type="TEARDOWN">
<doc>Closes the current browser.</doc>
<status status="PASS" starttime="20220702 20:46:39.342" endtime="20220702 20:46:41.659"/>
</kw>
<status status="FAIL" starttime="20220702 20:46:27.113" endtime="20220702 20:46:41.659">WebDriverException: Message: unknown error: net::ERR_CONNECTION_REFUSED
  (Session info: chrome=103.0.5060.66)
Stacktrace:
Backtrace:
	Ordinal0 [0x00C66463+2188387]
	Ordinal0 [0x00BFE461+1762401]
	Ordinal0 [0x00B13D78+802168]
	Ordinal0 [0x00B104E8+787688]
	Ordinal0 [0x00B0654D+746829]
	Ordinal0 [0x00B0710A+749834]
	Ordinal0 [0x00B0675A+747354]
	Ordinal0 [0x00B05D3F+744767]
	Ordinal0 [0x00B04C28+740392]
	Ordinal0 [0x00B050FD+741629]
	Ordinal0 [0x00B15544+808260]
	Ordinal0 [0x00B6D2DD+1168093]
	Ordinal0 [0x00B5C7DC+1099740]
	Ordinal0 [0x00B6CC22+1166370]
	Ordinal0 [0x00B5C5F6+1099254]
	Ordinal0 [0x00B36BE0+945120]
	Ordinal0 [0x00B37AD6+948950]
	GetHandleVerifier [0x00F071F2+2712546]
	GetHandleVerifier [0x00EF886D+2652765]
	GetHandleVerifier [0x00CF002A+520730]
	GetHandleVerifier [0x00CEEE06+516086]
	Ordinal0 [0x00C0468B+1787531]
	Ordinal0 [0x00C08E88+1805960]
	Ordinal0 [0x00C08F75+1806197]
	Ordinal0 [0x00C11DF1+1842673]
	BaseThreadInitThunk [0x762CFA29+25]
	RtlGetAppContainerNamedObjectPath [0x77827A9E+286]
	RtlGetAppContainerNamedObjectPath [0x77827A6E+238]
</status>
</test>
<status status="FAIL" starttime="20220702 20:46:26.644" endtime="20220702 20:46:41.659"/>
</suite>
<statistics>
<total>
<stat pass="0" fail="1" skip="0">All Tests</stat>
</total>
<tag>
</tag>
<suite>
<stat pass="0" fail="1" skip="0" id="s1" name="Sample">Sample</stat>
</suite>
</statistics>
<errors>
</errors>
</robot>
